<?xml version="1.0" encoding="UTF-8"?>
<testsuite name="com.rm.app.refrigerator_management_app.web.MemoApiControllerTest" tests="2" skipped="0" failures="0" errors="0" timestamp="2021-04-11T08:23:16" hostname="gim-yeonghan-ui-MacBookAir.local" time="1.138">
  <properties/>
  <testcase name="Memo_등록()" classname="com.rm.app.refrigerator_management_app.web.MemoApiControllerTest" time="1.047"/>
  <testcase name="Memo_수정()" classname="com.rm.app.refrigerator_management_app.web.MemoApiControllerTest" time="0.078"/>
  <system-out><![CDATA[17:23:08.275 [Test worker] DEBUG org.springframework.test.context.BootstrapUtils - Instantiating CacheAwareContextLoaderDelegate from class [org.springframework.test.context.cache.DefaultCacheAwareContextLoaderDelegate]
17:23:08.284 [Test worker] DEBUG org.springframework.test.context.BootstrapUtils - Instantiating BootstrapContext using constructor [public org.springframework.test.context.support.DefaultBootstrapContext(java.lang.Class,org.springframework.test.context.CacheAwareContextLoaderDelegate)]
17:23:08.342 [Test worker] DEBUG org.springframework.test.context.BootstrapUtils - Instantiating TestContextBootstrapper for test class [com.rm.app.refrigerator_management_app.web.MemoApiControllerTest] from class [org.springframework.boot.test.context.SpringBootTestContextBootstrapper]
17:23:08.351 [Test worker] INFO org.springframework.boot.test.context.SpringBootTestContextBootstrapper - Neither @ContextConfiguration nor @ContextHierarchy found for test class [com.rm.app.refrigerator_management_app.web.MemoApiControllerTest], using SpringBootContextLoader
17:23:08.357 [Test worker] DEBUG org.springframework.test.context.support.AbstractContextLoader - Did not detect default resource location for test class [com.rm.app.refrigerator_management_app.web.MemoApiControllerTest]: class path resource [com/rm/app/refrigerator_management_app/web/MemoApiControllerTest-context.xml] does not exist
17:23:08.357 [Test worker] DEBUG org.springframework.test.context.support.AbstractContextLoader - Did not detect default resource location for test class [com.rm.app.refrigerator_management_app.web.MemoApiControllerTest]: class path resource [com/rm/app/refrigerator_management_app/web/MemoApiControllerTestContext.groovy] does not exist
17:23:08.357 [Test worker] INFO org.springframework.test.context.support.AbstractContextLoader - Could not detect default resource locations for test class [com.rm.app.refrigerator_management_app.web.MemoApiControllerTest]: no resource found for suffixes {-context.xml, Context.groovy}.
17:23:08.358 [Test worker] INFO org.springframework.test.context.support.AnnotationConfigContextLoaderUtils - Could not detect default configuration classes for test class [com.rm.app.refrigerator_management_app.web.MemoApiControllerTest]: MemoApiControllerTest does not declare any static, non-private, non-final, nested classes annotated with @Configuration.
17:23:08.425 [Test worker] DEBUG org.springframework.test.context.support.ActiveProfilesUtils - Could not find an 'annotation declaring class' for annotation type [org.springframework.test.context.ActiveProfiles] and class [com.rm.app.refrigerator_management_app.web.MemoApiControllerTest]
17:23:08.590 [Test worker] DEBUG org.springframework.context.annotation.ClassPathScanningCandidateComponentProvider - Identified candidate component class: file [/Users/kim-yeonghan/Desktop/Refrigerator_Management_App/BackEnd/build/classes/java/main/com/rm/app/refrigerator_management_app/RefrigeratorManagementAppApplication.class]
17:23:08.600 [Test worker] INFO org.springframework.boot.test.context.SpringBootTestContextBootstrapper - Found @SpringBootConfiguration com.rm.app.refrigerator_management_app.RefrigeratorManagementAppApplication for test class com.rm.app.refrigerator_management_app.web.MemoApiControllerTest
17:23:08.701 [Test worker] DEBUG org.springframework.boot.test.context.SpringBootTestContextBootstrapper - @TestExecutionListeners is not present for class [com.rm.app.refrigerator_management_app.web.MemoApiControllerTest]: using defaults.
17:23:08.703 [Test worker] INFO org.springframework.boot.test.context.SpringBootTestContextBootstrapper - Loaded default TestExecutionListener class names from location [META-INF/spring.factories]: [org.springframework.boot.test.autoconfigure.restdocs.RestDocsTestExecutionListener, org.springframework.boot.test.autoconfigure.web.client.MockRestServiceServerResetTestExecutionListener, org.springframework.boot.test.autoconfigure.web.servlet.MockMvcPrintOnlyOnFailureTestExecutionListener, org.springframework.boot.test.autoconfigure.web.servlet.WebDriverTestExecutionListener, org.springframework.boot.test.autoconfigure.webservices.client.MockWebServiceServerTestExecutionListener, org.springframework.boot.test.mock.mockito.MockitoTestExecutionListener, org.springframework.boot.test.mock.mockito.ResetMocksTestExecutionListener, org.springframework.test.context.web.ServletTestExecutionListener, org.springframework.test.context.support.DirtiesContextBeforeModesTestExecutionListener, org.springframework.test.context.event.ApplicationEventsTestExecutionListener, org.springframework.test.context.support.DependencyInjectionTestExecutionListener, org.springframework.test.context.support.DirtiesContextTestExecutionListener, org.springframework.test.context.transaction.TransactionalTestExecutionListener, org.springframework.test.context.jdbc.SqlScriptsTestExecutionListener, org.springframework.test.context.event.EventPublishingTestExecutionListener]
17:23:08.719 [Test worker] INFO org.springframework.boot.test.context.SpringBootTestContextBootstrapper - Using TestExecutionListeners: [org.springframework.test.context.web.ServletTestExecutionListener@65510f24, org.springframework.test.context.support.DirtiesContextBeforeModesTestExecutionListener@6713df35, org.springframework.test.context.event.ApplicationEventsTestExecutionListener@4171b7e9, org.springframework.boot.test.mock.mockito.MockitoTestExecutionListener@4ef84ca0, org.springframework.boot.test.autoconfigure.SpringBootDependencyInjectionTestExecutionListener@23bd4274, org.springframework.test.context.support.DirtiesContextTestExecutionListener@5aaedb41, org.springframework.test.context.transaction.TransactionalTestExecutionListener@16acf102, org.springframework.test.context.jdbc.SqlScriptsTestExecutionListener@1abd223b, org.springframework.test.context.event.EventPublishingTestExecutionListener@53da7dfa, org.springframework.boot.test.autoconfigure.restdocs.RestDocsTestExecutionListener@7f02d013, org.springframework.boot.test.autoconfigure.web.client.MockRestServiceServerResetTestExecutionListener@e570a10, org.springframework.boot.test.autoconfigure.web.servlet.MockMvcPrintOnlyOnFailureTestExecutionListener@7d884d1b, org.springframework.boot.test.autoconfigure.web.servlet.WebDriverTestExecutionListener@7d3dcafd, org.springframework.boot.test.autoconfigure.webservices.client.MockWebServiceServerTestExecutionListener@14560f01, org.springframework.boot.test.mock.mockito.ResetMocksTestExecutionListener@22679011]
17:23:08.723 [Test worker] DEBUG org.springframework.test.context.support.AbstractDirtiesContextTestExecutionListener - Before test class: context [DefaultTestContext@1c48684c testClass = MemoApiControllerTest, testInstance = [null], testMethod = [null], testException = [null], mergedContextConfiguration = [WebMergedContextConfiguration@5a97a94 testClass = MemoApiControllerTest, locations = '{}', classes = '{class com.rm.app.refrigerator_management_app.RefrigeratorManagementAppApplication}', contextInitializerClasses = '[]', activeProfiles = '{}', propertySourceLocations = '{}', propertySourceProperties = '{org.springframework.boot.test.context.SpringBootTestContextBootstrapper=true, server.port=0}', contextCustomizers = set[org.springframework.boot.test.autoconfigure.actuate.metrics.MetricsExportContextCustomizerFactory$DisableMetricExportContextCustomizer@392a5f4b, org.springframework.boot.test.autoconfigure.properties.PropertyMappingContextCustomizer@0, org.springframework.boot.test.autoconfigure.web.servlet.WebDriverContextCustomizerFactory$Customizer@23892cf1, org.springframework.boot.test.context.filter.ExcludeFilterContextCustomizer@577bf47c, org.springframework.boot.test.json.DuplicateJsonObjectContextCustomizerFactory$DuplicateJsonObjectContextCustomizer@6c520504, org.springframework.boot.test.mock.mockito.MockitoContextCustomizer@0, org.springframework.boot.test.web.client.TestRestTemplateContextCustomizer@734fb998, org.springframework.boot.test.context.SpringBootTestArgs@1, org.springframework.boot.test.context.SpringBootTestWebEnvironment@13aa695a], resourceBasePath = 'src/main/webapp', contextLoader = 'org.springframework.boot.test.context.SpringBootContextLoader', parent = [null]], attributes = map['org.springframework.test.context.web.ServletTestExecutionListener.activateListener' -> false]], class annotated with @DirtiesContext [false] with mode [null].
17:23:08.744 [Test worker] DEBUG org.springframework.test.context.support.DependencyInjectionTestExecutionListener - Performing dependency injection for test context [[DefaultTestContext@1c48684c testClass = MemoApiControllerTest, testInstance = com.rm.app.refrigerator_management_app.web.MemoApiControllerTest@238cfb87, testMethod = [null], testException = [null], mergedContextConfiguration = [WebMergedContextConfiguration@5a97a94 testClass = MemoApiControllerTest, locations = '{}', classes = '{class com.rm.app.refrigerator_management_app.RefrigeratorManagementAppApplication}', contextInitializerClasses = '[]', activeProfiles = '{}', propertySourceLocations = '{}', propertySourceProperties = '{org.springframework.boot.test.context.SpringBootTestContextBootstrapper=true, server.port=0}', contextCustomizers = set[org.springframework.boot.test.autoconfigure.actuate.metrics.MetricsExportContextCustomizerFactory$DisableMetricExportContextCustomizer@392a5f4b, org.springframework.boot.test.autoconfigure.properties.PropertyMappingContextCustomizer@0, org.springframework.boot.test.autoconfigure.web.servlet.WebDriverContextCustomizerFactory$Customizer@23892cf1, org.springframework.boot.test.context.filter.ExcludeFilterContextCustomizer@577bf47c, org.springframework.boot.test.json.DuplicateJsonObjectContextCustomizerFactory$DuplicateJsonObjectContextCustomizer@6c520504, org.springframework.boot.test.mock.mockito.MockitoContextCustomizer@0, org.springframework.boot.test.web.client.TestRestTemplateContextCustomizer@734fb998, org.springframework.boot.test.context.SpringBootTestArgs@1, org.springframework.boot.test.context.SpringBootTestWebEnvironment@13aa695a], resourceBasePath = 'src/main/webapp', contextLoader = 'org.springframework.boot.test.context.SpringBootContextLoader', parent = [null]], attributes = map['org.springframework.test.context.web.ServletTestExecutionListener.activateListener' -> false, 'org.springframework.test.context.event.ApplicationEventsTestExecutionListener.recordApplicationEvents' -> false]]].
17:23:08.764 [Test worker] DEBUG org.springframework.test.context.support.TestPropertySourceUtils - Adding inlined properties to environment: {spring.jmx.enabled=false, org.springframework.boot.test.context.SpringBootTestContextBootstrapper=true, server.port=0}

  .   ____          _            __ _ _
 /\\ / ___'_ __ _ _(_)_ __  __ _ \ \ \ \
( ( )\___ | '_ | '_| | '_ \/ _` | \ \ \ \
 \\/  ___)| |_)| | | | | || (_| |  ) ) ) )
  '  |____| .__|_| |_|_| |_\__, | / / / /
 =========|_|==============|___/=/_/_/_/
 :: Spring Boot ::                (v2.4.4)

2021-04-11 17:23:09.256  INFO 72448 --- [    Test worker] c.r.a.r.web.MemoApiControllerTest        : Starting MemoApiControllerTest using Java 1.8.0_281 on gim-yeonghan-ui-MacBookAir.local with PID 72448 (started by kim-yeonghan in /Users/kim-yeonghan/Desktop/Refrigerator_Management_App/BackEnd)
2021-04-11 17:23:09.261  INFO 72448 --- [    Test worker] c.r.a.r.web.MemoApiControllerTest        : No active profile set, falling back to default profiles: default
2021-04-11 17:23:10.234  INFO 72448 --- [    Test worker] .s.d.r.c.RepositoryConfigurationDelegate : Bootstrapping Spring Data JPA repositories in DEFAULT mode.
2021-04-11 17:23:10.318  INFO 72448 --- [    Test worker] .s.d.r.c.RepositoryConfigurationDelegate : Finished Spring Data repository scanning in 77 ms. Found 1 JPA repository interfaces.
2021-04-11 17:23:11.411  INFO 72448 --- [    Test worker] o.s.b.w.embedded.tomcat.TomcatWebServer  : Tomcat initialized with port(s): 0 (http)
2021-04-11 17:23:11.504  INFO 72448 --- [    Test worker] o.apache.catalina.core.StandardService   : Starting service [Tomcat]
2021-04-11 17:23:11.505  INFO 72448 --- [    Test worker] org.apache.catalina.core.StandardEngine  : Starting Servlet engine: [Apache Tomcat/9.0.44]
2021-04-11 17:23:11.645  INFO 72448 --- [    Test worker] o.a.c.c.C.[Tomcat].[localhost].[/]       : Initializing Spring embedded WebApplicationContext
2021-04-11 17:23:11.646  INFO 72448 --- [    Test worker] w.s.c.ServletWebServerApplicationContext : Root WebApplicationContext: initialization completed in 2348 ms
2021-04-11 17:23:11.831  INFO 72448 --- [    Test worker] com.zaxxer.hikari.HikariDataSource       : HikariPool-1 - Starting...
2021-04-11 17:23:12.018  INFO 72448 --- [    Test worker] com.zaxxer.hikari.HikariDataSource       : HikariPool-1 - Start completed.
2021-04-11 17:23:12.026  INFO 72448 --- [    Test worker] o.s.b.a.h2.H2ConsoleAutoConfiguration    : H2 console available at '/h2-console'. Database available at 'jdbc:h2:mem:testdb'
2021-04-11 17:23:12.774  INFO 72448 --- [    Test worker] o.hibernate.jpa.internal.util.LogHelper  : HHH000204: Processing PersistenceUnitInfo [name: default]
2021-04-11 17:23:12.831  INFO 72448 --- [    Test worker] org.hibernate.Version                    : HHH000412: Hibernate ORM core version 5.4.29.Final
2021-04-11 17:23:12.987  INFO 72448 --- [    Test worker] o.hibernate.annotations.common.Version   : HCANN000001: Hibernate Commons Annotations {5.1.2.Final}
2021-04-11 17:23:13.160  INFO 72448 --- [    Test worker] org.hibernate.dialect.Dialect            : HHH000400: Using dialect: org.hibernate.dialect.MySQL57Dialect
Hibernate: drop table if exists memo
Hibernate: create table memo (id bigint not null auto_increment, created_date datetime(6), modified_date datetime(6), author varchar(255), content TEXT not null, primary key (id)) engine=InnoDB
2021-04-11 17:23:13.782  INFO 72448 --- [    Test worker] o.h.e.t.j.p.i.JtaPlatformInitiator       : HHH000490: Using JtaPlatform implementation: [org.hibernate.engine.transaction.jta.platform.internal.NoJtaPlatform]
2021-04-11 17:23:13.800  INFO 72448 --- [    Test worker] j.LocalContainerEntityManagerFactoryBean : Initialized JPA EntityManagerFactory for persistence unit 'default'
2021-04-11 17:23:14.617  WARN 72448 --- [    Test worker] JpaBaseConfiguration$JpaWebConfiguration : spring.jpa.open-in-view is enabled by default. Therefore, database queries may be performed during view rendering. Explicitly configure spring.jpa.open-in-view to disable this warning
2021-04-11 17:23:14.975  INFO 72448 --- [    Test worker] o.s.s.concurrent.ThreadPoolTaskExecutor  : Initializing ExecutorService 'applicationTaskExecutor'
2021-04-11 17:23:16.023  INFO 72448 --- [    Test worker] o.s.b.w.embedded.tomcat.TomcatWebServer  : Tomcat started on port(s): 64682 (http) with context path ''
2021-04-11 17:23:16.063  INFO 72448 --- [    Test worker] c.r.a.r.web.MemoApiControllerTest        : Started MemoApiControllerTest in 7.295 seconds (JVM running for 8.9)
2021-04-11 17:23:16.464  INFO 72448 --- [o-auto-1-exec-1] o.a.c.c.C.[Tomcat].[localhost].[/]       : Initializing Spring DispatcherServlet 'dispatcherServlet'
2021-04-11 17:23:16.466  INFO 72448 --- [o-auto-1-exec-1] o.s.web.servlet.DispatcherServlet        : Initializing Servlet 'dispatcherServlet'
2021-04-11 17:23:16.473  INFO 72448 --- [o-auto-1-exec-1] o.s.web.servlet.DispatcherServlet        : Completed initialization in 6 ms
Hibernate: insert into memo (created_date, modified_date, author, content) values (?, ?, ?, ?)
Hibernate: select memo0_.id as id1_0_, memo0_.created_date as created_2_0_, memo0_.modified_date as modified3_0_, memo0_.author as author4_0_, memo0_.content as content5_0_ from memo memo0_
Hibernate: select memo0_.id as id1_0_, memo0_.created_date as created_2_0_, memo0_.modified_date as modified3_0_, memo0_.author as author4_0_, memo0_.content as content5_0_ from memo memo0_
Hibernate: delete from memo where id=?
Hibernate: insert into memo (created_date, modified_date, author, content) values (?, ?, ?, ?)
Hibernate: select memo0_.id as id1_0_0_, memo0_.created_date as created_2_0_0_, memo0_.modified_date as modified3_0_0_, memo0_.author as author4_0_0_, memo0_.content as content5_0_0_ from memo memo0_ where memo0_.id=?
Hibernate: update memo set created_date=?, modified_date=?, author=?, content=? where id=?
Hibernate: select memo0_.id as id1_0_, memo0_.created_date as created_2_0_, memo0_.modified_date as modified3_0_, memo0_.author as author4_0_, memo0_.content as content5_0_ from memo memo0_
Hibernate: select memo0_.id as id1_0_, memo0_.created_date as created_2_0_, memo0_.modified_date as modified3_0_, memo0_.author as author4_0_, memo0_.content as content5_0_ from memo memo0_
Hibernate: delete from memo where id=?
]]></system-out>
  <system-err><![CDATA[]]></system-err>
</testsuite>
