<?xml version="1.0" encoding="UTF-8"?>
<testsuite name="com.rm.app.refrigerator_management_app.domain.memo.MemoRepositoryTest" tests="1" skipped="0" failures="0" errors="0" timestamp="2021-04-05T10:23:16" hostname="gim-yeonghan-ui-MacBookAir.local" time="0.582">
  <properties/>
  <testcase name="BaseTimeEntity_등록()" classname="com.rm.app.refrigerator_management_app.domain.memo.MemoRepositoryTest" time="0.582"/>
  <system-out><![CDATA[19:23:09.237 [Test worker] DEBUG org.springframework.test.context.BootstrapUtils - Instantiating CacheAwareContextLoaderDelegate from class [org.springframework.test.context.cache.DefaultCacheAwareContextLoaderDelegate]
19:23:09.246 [Test worker] DEBUG org.springframework.test.context.BootstrapUtils - Instantiating BootstrapContext using constructor [public org.springframework.test.context.support.DefaultBootstrapContext(java.lang.Class,org.springframework.test.context.CacheAwareContextLoaderDelegate)]
19:23:09.287 [Test worker] DEBUG org.springframework.test.context.BootstrapUtils - Instantiating TestContextBootstrapper for test class [com.rm.app.refrigerator_management_app.domain.memo.MemoRepositoryTest] from class [org.springframework.boot.test.context.SpringBootTestContextBootstrapper]
19:23:09.305 [Test worker] INFO org.springframework.boot.test.context.SpringBootTestContextBootstrapper - Neither @ContextConfiguration nor @ContextHierarchy found for test class [com.rm.app.refrigerator_management_app.domain.memo.MemoRepositoryTest], using SpringBootContextLoader
19:23:09.310 [Test worker] DEBUG org.springframework.test.context.support.AbstractContextLoader - Did not detect default resource location for test class [com.rm.app.refrigerator_management_app.domain.memo.MemoRepositoryTest]: class path resource [com/rm/app/refrigerator_management_app/domain/memo/MemoRepositoryTest-context.xml] does not exist
19:23:09.310 [Test worker] DEBUG org.springframework.test.context.support.AbstractContextLoader - Did not detect default resource location for test class [com.rm.app.refrigerator_management_app.domain.memo.MemoRepositoryTest]: class path resource [com/rm/app/refrigerator_management_app/domain/memo/MemoRepositoryTestContext.groovy] does not exist
19:23:09.310 [Test worker] INFO org.springframework.test.context.support.AbstractContextLoader - Could not detect default resource locations for test class [com.rm.app.refrigerator_management_app.domain.memo.MemoRepositoryTest]: no resource found for suffixes {-context.xml, Context.groovy}.
19:23:09.311 [Test worker] INFO org.springframework.test.context.support.AnnotationConfigContextLoaderUtils - Could not detect default configuration classes for test class [com.rm.app.refrigerator_management_app.domain.memo.MemoRepositoryTest]: MemoRepositoryTest does not declare any static, non-private, non-final, nested classes annotated with @Configuration.
19:23:09.388 [Test worker] DEBUG org.springframework.test.context.support.ActiveProfilesUtils - Could not find an 'annotation declaring class' for annotation type [org.springframework.test.context.ActiveProfiles] and class [com.rm.app.refrigerator_management_app.domain.memo.MemoRepositoryTest]
19:23:09.521 [Test worker] DEBUG org.springframework.context.annotation.ClassPathScanningCandidateComponentProvider - Identified candidate component class: file [/Users/kim-yeonghan/Desktop/Refrigerator_Management_App/BackEnd/build/classes/java/main/com/rm/app/refrigerator_management_app/RefrigeratorManagementAppApplication.class]
19:23:09.530 [Test worker] INFO org.springframework.boot.test.context.SpringBootTestContextBootstrapper - Found @SpringBootConfiguration com.rm.app.refrigerator_management_app.RefrigeratorManagementAppApplication for test class com.rm.app.refrigerator_management_app.domain.memo.MemoRepositoryTest
19:23:09.625 [Test worker] DEBUG org.springframework.boot.test.context.SpringBootTestContextBootstrapper - @TestExecutionListeners is not present for class [com.rm.app.refrigerator_management_app.domain.memo.MemoRepositoryTest]: using defaults.
19:23:09.627 [Test worker] INFO org.springframework.boot.test.context.SpringBootTestContextBootstrapper - Loaded default TestExecutionListener class names from location [META-INF/spring.factories]: [org.springframework.boot.test.autoconfigure.restdocs.RestDocsTestExecutionListener, org.springframework.boot.test.autoconfigure.web.client.MockRestServiceServerResetTestExecutionListener, org.springframework.boot.test.autoconfigure.web.servlet.MockMvcPrintOnlyOnFailureTestExecutionListener, org.springframework.boot.test.autoconfigure.web.servlet.WebDriverTestExecutionListener, org.springframework.boot.test.autoconfigure.webservices.client.MockWebServiceServerTestExecutionListener, org.springframework.boot.test.mock.mockito.MockitoTestExecutionListener, org.springframework.boot.test.mock.mockito.ResetMocksTestExecutionListener, org.springframework.test.context.web.ServletTestExecutionListener, org.springframework.test.context.support.DirtiesContextBeforeModesTestExecutionListener, org.springframework.test.context.event.ApplicationEventsTestExecutionListener, org.springframework.test.context.support.DependencyInjectionTestExecutionListener, org.springframework.test.context.support.DirtiesContextTestExecutionListener, org.springframework.test.context.transaction.TransactionalTestExecutionListener, org.springframework.test.context.jdbc.SqlScriptsTestExecutionListener, org.springframework.test.context.event.EventPublishingTestExecutionListener]
19:23:09.644 [Test worker] INFO org.springframework.boot.test.context.SpringBootTestContextBootstrapper - Using TestExecutionListeners: [org.springframework.test.context.web.ServletTestExecutionListener@3f56ab0c, org.springframework.test.context.support.DirtiesContextBeforeModesTestExecutionListener@7158f8b8, org.springframework.test.context.event.ApplicationEventsTestExecutionListener@5452390b, org.springframework.boot.test.mock.mockito.MockitoTestExecutionListener@6b9a43f1, org.springframework.boot.test.autoconfigure.SpringBootDependencyInjectionTestExecutionListener@619e9b45, org.springframework.test.context.support.DirtiesContextTestExecutionListener@57b522f6, org.springframework.test.context.transaction.TransactionalTestExecutionListener@126ad36a, org.springframework.test.context.jdbc.SqlScriptsTestExecutionListener@2bd69f1d, org.springframework.test.context.event.EventPublishingTestExecutionListener@3e876d91, org.springframework.boot.test.autoconfigure.restdocs.RestDocsTestExecutionListener@40db5a25, org.springframework.boot.test.autoconfigure.web.client.MockRestServiceServerResetTestExecutionListener@46e30d7, org.springframework.boot.test.autoconfigure.web.servlet.MockMvcPrintOnlyOnFailureTestExecutionListener@1bdf7930, org.springframework.boot.test.autoconfigure.web.servlet.WebDriverTestExecutionListener@1e31743f, org.springframework.boot.test.autoconfigure.webservices.client.MockWebServiceServerTestExecutionListener@4210fae, org.springframework.boot.test.mock.mockito.ResetMocksTestExecutionListener@713c6f75]
19:23:09.649 [Test worker] DEBUG org.springframework.test.context.support.AbstractDirtiesContextTestExecutionListener - Before test class: context [DefaultTestContext@7b3645f7 testClass = MemoRepositoryTest, testInstance = [null], testMethod = [null], testException = [null], mergedContextConfiguration = [WebMergedContextConfiguration@60d3eb83 testClass = MemoRepositoryTest, locations = '{}', classes = '{class com.rm.app.refrigerator_management_app.RefrigeratorManagementAppApplication}', contextInitializerClasses = '[]', activeProfiles = '{}', propertySourceLocations = '{}', propertySourceProperties = '{org.springframework.boot.test.context.SpringBootTestContextBootstrapper=true}', contextCustomizers = set[org.springframework.boot.test.autoconfigure.actuate.metrics.MetricsExportContextCustomizerFactory$DisableMetricExportContextCustomizer@72a8a181, org.springframework.boot.test.autoconfigure.properties.PropertyMappingContextCustomizer@0, org.springframework.boot.test.autoconfigure.web.servlet.WebDriverContextCustomizerFactory$Customizer@3f082a04, org.springframework.boot.test.context.filter.ExcludeFilterContextCustomizer@50cd4c7a, org.springframework.boot.test.json.DuplicateJsonObjectContextCustomizerFactory$DuplicateJsonObjectContextCustomizer@57c65122, org.springframework.boot.test.mock.mockito.MockitoContextCustomizer@0, org.springframework.boot.test.web.client.TestRestTemplateContextCustomizer@77d042a2, org.springframework.boot.test.context.SpringBootTestArgs@1, org.springframework.boot.test.context.SpringBootTestWebEnvironment@34bc458d], resourceBasePath = 'src/main/webapp', contextLoader = 'org.springframework.boot.test.context.SpringBootContextLoader', parent = [null]], attributes = map['org.springframework.test.context.web.ServletTestExecutionListener.activateListener' -> true]], class annotated with @DirtiesContext [false] with mode [null].
19:23:09.687 [Test worker] DEBUG org.springframework.test.context.support.TestPropertySourceUtils - Adding inlined properties to environment: {spring.jmx.enabled=false, org.springframework.boot.test.context.SpringBootTestContextBootstrapper=true}

  .   ____          _            __ _ _
 /\\ / ___'_ __ _ _(_)_ __  __ _ \ \ \ \
( ( )\___ | '_ | '_| | '_ \/ _` | \ \ \ \
 \\/  ___)| |_)| | | | | || (_| |  ) ) ) )
  '  |____| .__|_| |_|_| |_\__, | / / / /
 =========|_|==============|___/=/_/_/_/
 :: Spring Boot ::                (v2.4.4)

2021-04-05 19:23:10.252  INFO 54159 --- [    Test worker] c.r.a.r.domain.memo.MemoRepositoryTest   : Starting MemoRepositoryTest using Java 1.8.0_281 on gim-yeonghan-ui-MacBookAir.local with PID 54159 (started by kim-yeonghan in /Users/kim-yeonghan/Desktop/Refrigerator_Management_App/BackEnd)
2021-04-05 19:23:10.272  INFO 54159 --- [    Test worker] c.r.a.r.domain.memo.MemoRepositoryTest   : No active profile set, falling back to default profiles: default
2021-04-05 19:23:11.376  INFO 54159 --- [    Test worker] .s.d.r.c.RepositoryConfigurationDelegate : Bootstrapping Spring Data JPA repositories in DEFAULT mode.
2021-04-05 19:23:11.447  INFO 54159 --- [    Test worker] .s.d.r.c.RepositoryConfigurationDelegate : Finished Spring Data repository scanning in 63 ms. Found 1 JPA repository interfaces.
2021-04-05 19:23:12.390  INFO 54159 --- [    Test worker] com.zaxxer.hikari.HikariDataSource       : HikariPool-1 - Starting...
2021-04-05 19:23:12.645  INFO 54159 --- [    Test worker] com.zaxxer.hikari.HikariDataSource       : HikariPool-1 - Start completed.
2021-04-05 19:23:12.883  INFO 54159 --- [    Test worker] o.hibernate.jpa.internal.util.LogHelper  : HHH000204: Processing PersistenceUnitInfo [name: default]
2021-04-05 19:23:12.942  INFO 54159 --- [    Test worker] org.hibernate.Version                    : HHH000412: Hibernate ORM core version 5.4.29.Final
2021-04-05 19:23:13.074  INFO 54159 --- [    Test worker] o.hibernate.annotations.common.Version   : HCANN000001: Hibernate Commons Annotations {5.1.2.Final}
2021-04-05 19:23:13.176  INFO 54159 --- [    Test worker] org.hibernate.dialect.Dialect            : HHH000400: Using dialect: org.hibernate.dialect.MySQL57Dialect
Hibernate: drop table if exists memo
Hibernate: create table memo (id bigint not null auto_increment, created_date datetime(6), modified_date datetime(6), author varchar(255), content TEXT not null, primary key (id)) engine=InnoDB
2021-04-05 19:23:13.757  INFO 54159 --- [    Test worker] o.h.e.t.j.p.i.JtaPlatformInitiator       : HHH000490: Using JtaPlatform implementation: [org.hibernate.engine.transaction.jta.platform.internal.NoJtaPlatform]
2021-04-05 19:23:13.796  INFO 54159 --- [    Test worker] j.LocalContainerEntityManagerFactoryBean : Initialized JPA EntityManagerFactory for persistence unit 'default'
2021-04-05 19:23:14.889  WARN 54159 --- [    Test worker] JpaBaseConfiguration$JpaWebConfiguration : spring.jpa.open-in-view is enabled by default. Therefore, database queries may be performed during view rendering. Explicitly configure spring.jpa.open-in-view to disable this warning
2021-04-05 19:23:15.404  INFO 54159 --- [    Test worker] o.s.s.concurrent.ThreadPoolTaskExecutor  : Initializing ExecutorService 'applicationTaskExecutor'
2021-04-05 19:23:15.487  INFO 54159 --- [    Test worker] o.s.b.a.h2.H2ConsoleAutoConfiguration    : H2 console available at '/h2-console'. Database available at 'jdbc:h2:mem:testdb'
2021-04-05 19:23:15.991  INFO 54159 --- [    Test worker] c.r.a.r.domain.memo.MemoRepositoryTest   : Started MemoRepositoryTest in 6.298 seconds (JVM running for 7.868)
Hibernate: insert into memo (created_date, modified_date, author, content) values (?, ?, ?, ?)
Hibernate: select memo0_.id as id1_0_, memo0_.created_date as created_2_0_, memo0_.modified_date as modified3_0_, memo0_.author as author4_0_, memo0_.content as content5_0_ from memo memo0_
Hibernate: select memo0_.id as id1_0_, memo0_.created_date as created_2_0_, memo0_.modified_date as modified3_0_, memo0_.author as author4_0_, memo0_.content as content5_0_ from memo memo0_
Hibernate: delete from memo where id=?
]]></system-out>
  <system-err><![CDATA[]]></system-err>
</testsuite>
