<?xml version="1.0" encoding="UTF-8"?>
<testsuite name="com.rm.app.refrigerator_management_app.RefrigeratorManagementAppApplicationTests" tests="1" skipped="0" failures="0" errors="0" timestamp="2021-04-11T08:23:20" hostname="gim-yeonghan-ui-MacBookAir.local" time="0.009">
  <properties/>
  <testcase name="contextLoads()" classname="com.rm.app.refrigerator_management_app.RefrigeratorManagementAppApplicationTests" time="0.009"/>
  <system-out><![CDATA[2021-04-11 17:23:20.207  INFO 72448 --- [    Test worker] .b.t.c.SpringBootTestContextBootstrapper : Neither @ContextConfiguration nor @ContextHierarchy found for test class [com.rm.app.refrigerator_management_app.RefrigeratorManagementAppApplicationTests], using SpringBootContextLoader
2021-04-11 17:23:20.209  INFO 72448 --- [    Test worker] o.s.t.c.support.AbstractContextLoader    : Could not detect default resource locations for test class [com.rm.app.refrigerator_management_app.RefrigeratorManagementAppApplicationTests]: no resource found for suffixes {-context.xml, Context.groovy}.
2021-04-11 17:23:20.209  INFO 72448 --- [    Test worker] t.c.s.AnnotationConfigContextLoaderUtils : Could not detect default configuration classes for test class [com.rm.app.refrigerator_management_app.RefrigeratorManagementAppApplicationTests]: RefrigeratorManagementAppApplicationTests does not declare any static, non-private, non-final, nested classes annotated with @Configuration.
2021-04-11 17:23:20.222  INFO 72448 --- [    Test worker] .b.t.c.SpringBootTestContextBootstrapper : Found @SpringBootConfiguration com.rm.app.refrigerator_management_app.RefrigeratorManagementAppApplication for test class com.rm.app.refrigerator_management_app.RefrigeratorManagementAppApplicationTests
2021-04-11 17:23:20.232  INFO 72448 --- [    Test worker] .b.t.c.SpringBootTestContextBootstrapper : Loaded default TestExecutionListener class names from location [META-INF/spring.factories]: [org.springframework.boot.test.autoconfigure.restdocs.RestDocsTestExecutionListener, org.springframework.boot.test.autoconfigure.web.client.MockRestServiceServerResetTestExecutionListener, org.springframework.boot.test.autoconfigure.web.servlet.MockMvcPrintOnlyOnFailureTestExecutionListener, org.springframework.boot.test.autoconfigure.web.servlet.WebDriverTestExecutionListener, org.springframework.boot.test.autoconfigure.webservices.client.MockWebServiceServerTestExecutionListener, org.springframework.boot.test.mock.mockito.MockitoTestExecutionListener, org.springframework.boot.test.mock.mockito.ResetMocksTestExecutionListener, org.springframework.test.context.web.ServletTestExecutionListener, org.springframework.test.context.support.DirtiesContextBeforeModesTestExecutionListener, org.springframework.test.context.event.ApplicationEventsTestExecutionListener, org.springframework.test.context.support.DependencyInjectionTestExecutionListener, org.springframework.test.context.support.DirtiesContextTestExecutionListener, org.springframework.test.context.transaction.TransactionalTestExecutionListener, org.springframework.test.context.jdbc.SqlScriptsTestExecutionListener, org.springframework.test.context.event.EventPublishingTestExecutionListener]
2021-04-11 17:23:20.232  INFO 72448 --- [    Test worker] .b.t.c.SpringBootTestContextBootstrapper : Using TestExecutionListeners: [org.springframework.test.context.web.ServletTestExecutionListener@58b5eecd, org.springframework.test.context.support.DirtiesContextBeforeModesTestExecutionListener@310d11ec, org.springframework.test.context.event.ApplicationEventsTestExecutionListener@7707dbf5, org.springframework.boot.test.mock.mockito.MockitoTestExecutionListener@5c17272, org.springframework.boot.test.autoconfigure.SpringBootDependencyInjectionTestExecutionListener@72f52781, org.springframework.test.context.support.DirtiesContextTestExecutionListener@2b2eda42, org.springframework.test.context.transaction.TransactionalTestExecutionListener@623f74a1, org.springframework.test.context.jdbc.SqlScriptsTestExecutionListener@6ce3d876, org.springframework.test.context.event.EventPublishingTestExecutionListener@37f13344, org.springframework.boot.test.autoconfigure.restdocs.RestDocsTestExecutionListener@6a501332, org.springframework.boot.test.autoconfigure.web.client.MockRestServiceServerResetTestExecutionListener@73d3e8a5, org.springframework.boot.test.autoconfigure.web.servlet.MockMvcPrintOnlyOnFailureTestExecutionListener@181bec1, org.springframework.boot.test.autoconfigure.web.servlet.WebDriverTestExecutionListener@3fd4d6a6, org.springframework.boot.test.autoconfigure.webservices.client.MockWebServiceServerTestExecutionListener@55778bed, org.springframework.boot.test.mock.mockito.ResetMocksTestExecutionListener@398dc726]
]]></system-out>
  <system-err><![CDATA[]]></system-err>
</testsuite>
