<?xml version="1.0" encoding="UTF-8"?>
<testsuite name="com.rm.app.refrigerator_management_app.domain.memo.MemoRepositoryTest" tests="2" skipped="0" failures="0" errors="0" timestamp="2021-04-11T08:23:20" hostname="gim-yeonghan-ui-MacBookAir.local" time="0.119">
  <properties/>
  <testcase name="메모_불러오기()" classname="com.rm.app.refrigerator_management_app.domain.memo.MemoRepositoryTest" time="0.091"/>
  <testcase name="BaseTimeEntity_등록()" classname="com.rm.app.refrigerator_management_app.domain.memo.MemoRepositoryTest" time="0.023"/>
  <system-out><![CDATA[2021-04-11 17:23:18.176  INFO 72448 --- [    Test worker] .b.t.c.SpringBootTestContextBootstrapper : Neither @ContextConfiguration nor @ContextHierarchy found for test class [com.rm.app.refrigerator_management_app.domain.memo.MemoRepositoryTest], using SpringBootContextLoader
2021-04-11 17:23:18.181  INFO 72448 --- [    Test worker] o.s.t.c.support.AbstractContextLoader    : Could not detect default resource locations for test class [com.rm.app.refrigerator_management_app.domain.memo.MemoRepositoryTest]: no resource found for suffixes {-context.xml, Context.groovy}.
2021-04-11 17:23:18.187  INFO 72448 --- [    Test worker] t.c.s.AnnotationConfigContextLoaderUtils : Could not detect default configuration classes for test class [com.rm.app.refrigerator_management_app.domain.memo.MemoRepositoryTest]: MemoRepositoryTest does not declare any static, non-private, non-final, nested classes annotated with @Configuration.
2021-04-11 17:23:18.231  INFO 72448 --- [    Test worker] .b.t.c.SpringBootTestContextBootstrapper : Found @SpringBootConfiguration com.rm.app.refrigerator_management_app.RefrigeratorManagementAppApplication for test class com.rm.app.refrigerator_management_app.domain.memo.MemoRepositoryTest
2021-04-11 17:23:18.239  INFO 72448 --- [    Test worker] .b.t.c.SpringBootTestContextBootstrapper : Loaded default TestExecutionListener class names from location [META-INF/spring.factories]: [org.springframework.boot.test.autoconfigure.restdocs.RestDocsTestExecutionListener, org.springframework.boot.test.autoconfigure.web.client.MockRestServiceServerResetTestExecutionListener, org.springframework.boot.test.autoconfigure.web.servlet.MockMvcPrintOnlyOnFailureTestExecutionListener, org.springframework.boot.test.autoconfigure.web.servlet.WebDriverTestExecutionListener, org.springframework.boot.test.autoconfigure.webservices.client.MockWebServiceServerTestExecutionListener, org.springframework.boot.test.mock.mockito.MockitoTestExecutionListener, org.springframework.boot.test.mock.mockito.ResetMocksTestExecutionListener, org.springframework.test.context.web.ServletTestExecutionListener, org.springframework.test.context.support.DirtiesContextBeforeModesTestExecutionListener, org.springframework.test.context.event.ApplicationEventsTestExecutionListener, org.springframework.test.context.support.DependencyInjectionTestExecutionListener, org.springframework.test.context.support.DirtiesContextTestExecutionListener, org.springframework.test.context.transaction.TransactionalTestExecutionListener, org.springframework.test.context.jdbc.SqlScriptsTestExecutionListener, org.springframework.test.context.event.EventPublishingTestExecutionListener]
2021-04-11 17:23:18.241  INFO 72448 --- [    Test worker] .b.t.c.SpringBootTestContextBootstrapper : Using TestExecutionListeners: [org.springframework.test.context.web.ServletTestExecutionListener@18a5641b, org.springframework.test.context.support.DirtiesContextBeforeModesTestExecutionListener@5053987, org.springframework.test.context.event.ApplicationEventsTestExecutionListener@d628388, org.springframework.boot.test.mock.mockito.MockitoTestExecutionListener@720f4ae7, org.springframework.boot.test.autoconfigure.SpringBootDependencyInjectionTestExecutionListener@41b96d01, org.springframework.test.context.support.DirtiesContextTestExecutionListener@6d5cbdb0, org.springframework.test.context.transaction.TransactionalTestExecutionListener@74bb1d50, org.springframework.test.context.jdbc.SqlScriptsTestExecutionListener@7c6b3952, org.springframework.test.context.event.EventPublishingTestExecutionListener@76b092bb, org.springframework.boot.test.autoconfigure.restdocs.RestDocsTestExecutionListener@7e0900e0, org.springframework.boot.test.autoconfigure.web.client.MockRestServiceServerResetTestExecutionListener@52f4d3ec, org.springframework.boot.test.autoconfigure.web.servlet.MockMvcPrintOnlyOnFailureTestExecutionListener@77f0d149, org.springframework.boot.test.autoconfigure.web.servlet.WebDriverTestExecutionListener@5a7a046, org.springframework.boot.test.autoconfigure.webservices.client.MockWebServiceServerTestExecutionListener@331fbe12, org.springframework.boot.test.mock.mockito.ResetMocksTestExecutionListener@4780602e]

  .   ____          _            __ _ _
 /\\ / ___'_ __ _ _(_)_ __  __ _ \ \ \ \
( ( )\___ | '_ | '_| | '_ \/ _` | \ \ \ \
 \\/  ___)| |_)| | | | | || (_| |  ) ) ) )
  '  |____| .__|_| |_|_| |_\__, | / / / /
 =========|_|==============|___/=/_/_/_/
 :: Spring Boot ::                (v2.4.4)

2021-04-11 17:23:18.306  INFO 72448 --- [    Test worker] c.r.a.r.domain.memo.MemoRepositoryTest   : Starting MemoRepositoryTest using Java 1.8.0_281 on gim-yeonghan-ui-MacBookAir.local with PID 72448 (started by kim-yeonghan in /Users/kim-yeonghan/Desktop/Refrigerator_Management_App/BackEnd)
2021-04-11 17:23:18.309  INFO 72448 --- [    Test worker] c.r.a.r.domain.memo.MemoRepositoryTest   : No active profile set, falling back to default profiles: default
2021-04-11 17:23:18.586  INFO 72448 --- [    Test worker] .s.d.r.c.RepositoryConfigurationDelegate : Bootstrapping Spring Data JPA repositories in DEFAULT mode.
2021-04-11 17:23:18.609  INFO 72448 --- [    Test worker] .s.d.r.c.RepositoryConfigurationDelegate : Finished Spring Data repository scanning in 19 ms. Found 1 JPA repository interfaces.
2021-04-11 17:23:18.909  INFO 72448 --- [    Test worker] com.zaxxer.hikari.HikariDataSource       : HikariPool-2 - Starting...
2021-04-11 17:23:18.915  INFO 72448 --- [    Test worker] com.zaxxer.hikari.HikariDataSource       : HikariPool-2 - Start completed.
2021-04-11 17:23:18.940  INFO 72448 --- [    Test worker] o.hibernate.jpa.internal.util.LogHelper  : HHH000204: Processing PersistenceUnitInfo [name: default]
2021-04-11 17:23:18.950  INFO 72448 --- [    Test worker] org.hibernate.dialect.Dialect            : HHH000400: Using dialect: org.hibernate.dialect.MySQL57Dialect
Hibernate: drop table if exists memo
Hibernate: create table memo (id bigint not null auto_increment, created_date datetime(6), modified_date datetime(6), author varchar(255), content TEXT not null, primary key (id)) engine=InnoDB
2021-04-11 17:23:19.118  INFO 72448 --- [    Test worker] o.h.e.t.j.p.i.JtaPlatformInitiator       : HHH000490: Using JtaPlatform implementation: [org.hibernate.engine.transaction.jta.platform.internal.NoJtaPlatform]
2021-04-11 17:23:19.118  INFO 72448 --- [    Test worker] j.LocalContainerEntityManagerFactoryBean : Initialized JPA EntityManagerFactory for persistence unit 'default'
2021-04-11 17:23:19.595  WARN 72448 --- [    Test worker] JpaBaseConfiguration$JpaWebConfiguration : spring.jpa.open-in-view is enabled by default. Therefore, database queries may be performed during view rendering. Explicitly configure spring.jpa.open-in-view to disable this warning
2021-04-11 17:23:19.755  INFO 72448 --- [    Test worker] o.s.s.concurrent.ThreadPoolTaskExecutor  : Initializing ExecutorService 'applicationTaskExecutor'
2021-04-11 17:23:19.793  INFO 72448 --- [    Test worker] o.s.b.a.h2.H2ConsoleAutoConfiguration    : H2 console available at '/h2-console'. Database available at 'jdbc:h2:mem:testdb'
2021-04-11 17:23:20.046  INFO 72448 --- [    Test worker] c.r.a.r.domain.memo.MemoRepositoryTest   : Started MemoRepositoryTest in 1.799 seconds (JVM running for 12.882)
Hibernate: insert into memo (created_date, modified_date, author, content) values (?, ?, ?, ?)
Hibernate: select memo0_.id as id1_0_, memo0_.created_date as created_2_0_, memo0_.modified_date as modified3_0_, memo0_.author as author4_0_, memo0_.content as content5_0_ from memo memo0_
Hibernate: select memo0_.id as id1_0_, memo0_.created_date as created_2_0_, memo0_.modified_date as modified3_0_, memo0_.author as author4_0_, memo0_.content as content5_0_ from memo memo0_
Hibernate: delete from memo where id=?
Hibernate: insert into memo (created_date, modified_date, author, content) values (?, ?, ?, ?)
Hibernate: select memo0_.id as id1_0_, memo0_.created_date as created_2_0_, memo0_.modified_date as modified3_0_, memo0_.author as author4_0_, memo0_.content as content5_0_ from memo memo0_
Hibernate: select memo0_.id as id1_0_, memo0_.created_date as created_2_0_, memo0_.modified_date as modified3_0_, memo0_.author as author4_0_, memo0_.content as content5_0_ from memo memo0_
Hibernate: delete from memo where id=?
]]></system-out>
  <system-err><![CDATA[]]></system-err>
</testsuite>
